<?xml version="1.0" encoding="UTF-8"?>
<!-- Generated by org.testng.reporters.JUnitReportReporter -->
<testsuite skipped="0" hostname="BBW57SLPC0277" name="com.macys.mst.macysnet.execdrivers.ExecutionConfig" tests="1" failures="0" timestamp="12 Sep 2018 09:07:20 GMT" time="24.042" errors="0">
  <testcase name="RunDriver" time="24.042" classname="com.macys.mst.macysnet.execdrivers.ExecutionConfig"/>
</testsuite> <!-- com.macys.mst.macysnet.execdrivers.ExecutionConfig -->
